This file contains any messages produced by compilers while
running configure, to aid debugging if configure makes a mistake.

It was created by configure, which was
generated by GNU Autoconf 2.69.  Invocation command line was

  $ ./configure --prefix=/home/jtan/Apps/xlisp

## --------- ##
## Platform. ##
## --------- ##

hostname = BlackMolly
uname -m = x86_64
uname -r = 4.15.0-51-generic
uname -s = Linux
uname -v = #55-Ubuntu SMP Wed May 15 14:27:21 UTC 2019

/usr/bin/uname -p = unknown
/bin/uname -X     = unknown

/bin/arch              = unknown
/usr/bin/arch -k       = unknown
/usr/convex/getsysinfo = unknown
/usr/bin/hostinfo      = unknown
/bin/machine           = unknown
/usr/bin/oslevel       = unknown
/bin/universe          = unknown

PATH: /home/jtan/perl5/bin
PATH: /home/jtan/perl5/bin
PATH: /usr/local/sbin
PATH: /usr/local/bin
PATH: /usr/sbin
PATH: /usr/bin
PATH: /sbin
PATH: /bin
PATH: /usr/games
PATH: /usr/local/games
PATH: /snap/bin


## ----------- ##
## Core tests. ##
## ----------- ##

configure:1971: checking build system type
configure:1985: result: x86_64-unknown-linux-gnu
configure:2005: checking host system type
configure:2018: result: x86_64-unknown-linux-gnu
configure:2118: checking for gcc
configure:2145: result: cc
configure:2374: checking for C compiler version
configure:2383: cc --version >&5
cc (Ubuntu 7.4.0-1ubuntu1~18.04) 7.4.0
Copyright (C) 2017 Free Software Foundation, Inc.
This is free software; see the source for copying conditions.  There is NO
warranty; not even for MERCHANTABILITY or FITNESS FOR A PARTICULAR PURPOSE.

configure:2394: $? = 0
configure:2383: cc -v >&5
Using built-in specs.
COLLECT_GCC=cc
COLLECT_LTO_WRAPPER=/usr/lib/gcc/x86_64-linux-gnu/7/lto-wrapper
OFFLOAD_TARGET_NAMES=nvptx-none
OFFLOAD_TARGET_DEFAULT=1
Target: x86_64-linux-gnu
Configured with: ../src/configure -v --with-pkgversion='Ubuntu 7.4.0-1ubuntu1~18.04' --with-bugurl=file:///usr/share/doc/gcc-7/README.Bugs --enable-languages=c,ada,c++,go,brig,d,fortran,objc,obj-c++ --prefix=/usr --with-gcc-major-version-only --program-suffix=-7 --program-prefix=x86_64-linux-gnu- --enable-shared --enable-linker-build-id --libexecdir=/usr/lib --without-included-gettext --enable-threads=posix --libdir=/usr/lib --enable-nls --with-sysroot=/ --enable-clocale=gnu --enable-libstdcxx-debug --enable-libstdcxx-time=yes --with-default-libstdcxx-abi=new --enable-gnu-unique-object --disable-vtable-verify --enable-libmpx --enable-plugin --enable-default-pie --with-system-zlib --with-target-system-zlib --enable-objc-gc=auto --enable-multiarch --disable-werror --with-arch-32=i686 --with-abi=m64 --with-multilib-list=m32,m64,mx32 --enable-multilib --with-tune=generic --enable-offload-targets=nvptx-none --without-cuda-driver --enable-checking=release --build=x86_64-linux-gnu --host=x86_64-linux-gnu --target=x86_64-linux-gnu
Thread model: posix
gcc version 7.4.0 (Ubuntu 7.4.0-1ubuntu1~18.04) 
configure:2394: $? = 0
configure:2383: cc -V >&5
cc: error: unrecognized command line option '-V'
cc: fatal error: no input files
compilation terminated.
configure:2394: $? = 1
configure:2383: cc -qversion >&5
cc: error: unrecognized command line option '-qversion'; did you mean '--version'?
cc: fatal error: no input files
compilation terminated.
configure:2394: $? = 1
configure:2414: checking whether the C compiler works
configure:2436: cc    conftest.c -lm >&5
configure:2440: $? = 0
configure:2488: result: yes
configure:2491: checking for C compiler default output file name
configure:2493: result: a.out
configure:2499: checking for suffix of executables
configure:2506: cc -o conftest    conftest.c -lm >&5
configure:2510: $? = 0
configure:2532: result: 
configure:2554: checking whether we are cross compiling
configure:2562: cc -o conftest    conftest.c -lm >&5
configure:2566: $? = 0
configure:2573: ./conftest
configure:2577: $? = 0
configure:2592: result: no
configure:2597: checking for suffix of object files
configure:2619: cc -c   conftest.c >&5
configure:2623: $? = 0
configure:2644: result: o
configure:2648: checking whether we are using the GNU C compiler
configure:2667: cc -c   conftest.c >&5
configure:2667: $? = 0
configure:2676: result: yes
configure:2685: checking whether cc accepts -g
configure:2705: cc -c -g  conftest.c >&5
configure:2705: $? = 0
configure:2746: result: yes
configure:2763: checking for cc option to accept ISO C89
configure:2826: cc  -c -g -O2  conftest.c >&5
configure:2826: $? = 0
configure:2839: result: none needed
configure:2864: checking how to run the C preprocessor
configure:2895: cc -E  conftest.c
configure:2895: $? = 0
configure:2909: cc -E  conftest.c
conftest.c:9:10: fatal error: ac_nonexistent.h: No such file or directory
 #include <ac_nonexistent.h>
          ^~~~~~~~~~~~~~~~~~
compilation terminated.
configure:2909: $? = 1
configure: failed program was:
| /* confdefs.h */
| #define PACKAGE_NAME ""
| #define PACKAGE_TARNAME ""
| #define PACKAGE_VERSION ""
| #define PACKAGE_STRING ""
| #define PACKAGE_BUGREPORT ""
| #define PACKAGE_URL ""
| /* end confdefs.h.  */
| #include <ac_nonexistent.h>
configure:2934: result: cc -E
configure:2954: cc -E  conftest.c
configure:2954: $? = 0
configure:2968: cc -E  conftest.c
conftest.c:9:10: fatal error: ac_nonexistent.h: No such file or directory
 #include <ac_nonexistent.h>
          ^~~~~~~~~~~~~~~~~~
compilation terminated.
configure:2968: $? = 1
configure: failed program was:
| /* confdefs.h */
| #define PACKAGE_NAME ""
| #define PACKAGE_TARNAME ""
| #define PACKAGE_VERSION ""
| #define PACKAGE_STRING ""
| #define PACKAGE_BUGREPORT ""
| #define PACKAGE_URL ""
| /* end confdefs.h.  */
| #include <ac_nonexistent.h>
configure:3079: checking for main in -lieee
configure:3098: cc -o conftest -g -O2   conftest.c -lieee  -lm >&5
/usr/bin/ld: cannot find -lieee
collect2: error: ld returned 1 exit status
configure:3098: $? = 1
configure: failed program was:
| /* confdefs.h */
| #define PACKAGE_NAME ""
| #define PACKAGE_TARNAME ""
| #define PACKAGE_VERSION ""
| #define PACKAGE_STRING ""
| #define PACKAGE_BUGREPORT ""
| #define PACKAGE_URL ""
| /* end confdefs.h.  */
| 
| 
| int
| main ()
| {
| return main ();
|   ;
|   return 0;
| }
configure:3107: result: no
configure:3182: checking for finite
configure:3182: cc -o conftest -g -O2   conftest.c -lm >&5
conftest.c:32:6: warning: conflicting types for built-in function 'finite' [-Wbuiltin-declaration-mismatch]
 char finite ();
      ^~~~~~
configure:3182: $? = 0
configure:3182: result: yes
configure:3182: checking for isnan
configure:3182: cc -o conftest -g -O2   conftest.c -lm >&5
conftest.c:33:6: warning: conflicting types for built-in function 'isnan' [-Wbuiltin-declaration-mismatch]
 char isnan ();
      ^~~~~
configure:3182: $? = 0
configure:3182: result: yes
configure:3199: checking for memmove
configure:3199: cc -o conftest -g -O2   conftest.c -lm >&5
conftest.c:34:6: warning: conflicting types for built-in function 'memmove' [-Wbuiltin-declaration-mismatch]
 char memmove ();
      ^~~~~~~
configure:3199: $? = 0
configure:3199: result: yes
configure:3199: checking for difftime
configure:3199: cc -o conftest -g -O2   conftest.c -lm >&5
configure:3199: $? = 0
configure:3199: result: yes
configure:3199: checking for matherr
configure:3199: cc -o conftest -g -O2   conftest.c -lm >&5
/tmp/ccvaLDWb.o: In function `main':
/home/jtan/Projects/xlisp/conftest.c:47: undefined reference to `matherr'
collect2: error: ld returned 1 exit status
configure:3199: $? = 1
configure: failed program was:
| /* confdefs.h */
| #define PACKAGE_NAME ""
| #define PACKAGE_TARNAME ""
| #define PACKAGE_VERSION ""
| #define PACKAGE_STRING ""
| #define PACKAGE_BUGREPORT ""
| #define PACKAGE_URL ""
| #define HAVE_FINITE 1
| #define HAVE_ISNAN 1
| #define HAVE_MEMMOVE 1
| #define HAVE_DIFFTIME 1
| /* end confdefs.h.  */
| /* Define matherr to an innocuous variant, in case <limits.h> declares matherr.
|    For example, HP-UX 11i <limits.h> declares gettimeofday.  */
| #define matherr innocuous_matherr
| 
| /* System header to define __stub macros and hopefully few prototypes,
|     which can conflict with char matherr (); below.
|     Prefer <limits.h> to <assert.h> if __STDC__ is defined, since
|     <limits.h> exists even on freestanding compilers.  */
| 
| #ifdef __STDC__
| # include <limits.h>
| #else
| # include <assert.h>
| #endif
| 
| #undef matherr
| 
| /* Override any GCC internal prototype to avoid an error.
|    Use char because int might match the return type of a GCC
|    builtin and then its argument prototype would still apply.  */
| #ifdef __cplusplus
| extern "C"
| #endif
| char matherr ();
| /* The GNU C library defines this for functions which it implements
|     to always fail with ENOSYS.  Some functions are actually named
|     something starting with __ and the normal name is an alias.  */
| #if defined __stub_matherr || defined __stub___matherr
| choke me
| #endif
| 
| int
| main ()
| {
| return matherr ();
|   ;
|   return 0;
| }
configure:3199: result: no
configure:3215: checking for grep that handles long lines and -e
configure:3273: result: /bin/grep
configure:3278: checking for egrep
configure:3340: result: /bin/grep -E
configure:3362: checking for X
configure:3470: cc -E  conftest.c
configure:3470: $? = 0
configure:3501: cc -o conftest -g -O2   conftest.c -lX11 -lm >&5
configure:3501: $? = 0
configure:3551: result: libraries , headers 
configure:3569: checking for dlopen
configure:3569: cc -o conftest -g -O2   conftest.c -lm >&5
/tmp/ccrvOOBB.o: In function `main':
/home/jtan/Projects/xlisp/conftest.c:48: undefined reference to `dlopen'
collect2: error: ld returned 1 exit status
configure:3569: $? = 1
configure: failed program was:
| /* confdefs.h */
| #define PACKAGE_NAME ""
| #define PACKAGE_TARNAME ""
| #define PACKAGE_VERSION ""
| #define PACKAGE_STRING ""
| #define PACKAGE_BUGREPORT ""
| #define PACKAGE_URL ""
| #define HAVE_FINITE 1
| #define HAVE_ISNAN 1
| #define HAVE_MEMMOVE 1
| #define HAVE_DIFFTIME 1
| #define HAVE_SIGSETJMP 1
| /* end confdefs.h.  */
| /* Define dlopen to an innocuous variant, in case <limits.h> declares dlopen.
|    For example, HP-UX 11i <limits.h> declares gettimeofday.  */
| #define dlopen innocuous_dlopen
| 
| /* System header to define __stub macros and hopefully few prototypes,
|     which can conflict with char dlopen (); below.
|     Prefer <limits.h> to <assert.h> if __STDC__ is defined, since
|     <limits.h> exists even on freestanding compilers.  */
| 
| #ifdef __STDC__
| # include <limits.h>
| #else
| # include <assert.h>
| #endif
| 
| #undef dlopen
| 
| /* Override any GCC internal prototype to avoid an error.
|    Use char because int might match the return type of a GCC
|    builtin and then its argument prototype would still apply.  */
| #ifdef __cplusplus
| extern "C"
| #endif
| char dlopen ();
| /* The GNU C library defines this for functions which it implements
|     to always fail with ENOSYS.  Some functions are actually named
|     something starting with __ and the normal name is an alias.  */
| #if defined __stub_dlopen || defined __stub___dlopen
| choke me
| #endif
| 
| int
| main ()
| {
| return dlopen ();
|   ;
|   return 0;
| }
configure:3569: result: no
configure:3579: checking for dlopen in -ldl
configure:3604: cc -o conftest -g -O2   conftest.c -ldl  -lm >&5
configure:3604: $? = 0
configure:3613: result: yes
configure:3948: creating ./config.status

## ---------------------- ##
## Running config.status. ##
## ---------------------- ##

This file was extended by config.status, which was
generated by GNU Autoconf 2.69.  Invocation command line was

  CONFIG_FILES    = 
  CONFIG_HEADERS  = 
  CONFIG_LINKS    = 
  CONFIG_COMMANDS = 
  $ ./config.status 

on BlackMolly

config.status:822: creating Makefile
config.status:822: creating shlibconfig.sh
config.status:822: creating xlconfig.h
config.status:992: xlconfig.h is unchanged

## ---------------- ##
## Cache variables. ##
## ---------------- ##

ac_cv_build=x86_64-unknown-linux-gnu
ac_cv_c_compiler_gnu=yes
ac_cv_env_CC_set=
ac_cv_env_CC_value=
ac_cv_env_CFLAGS_set=
ac_cv_env_CFLAGS_value=
ac_cv_env_CPPFLAGS_set=
ac_cv_env_CPPFLAGS_value=
ac_cv_env_CPP_set=
ac_cv_env_CPP_value=
ac_cv_env_LDFLAGS_set=
ac_cv_env_LDFLAGS_value=
ac_cv_env_LIBS_set=
ac_cv_env_LIBS_value=
ac_cv_env_XMKMF_set=
ac_cv_env_XMKMF_value=
ac_cv_env_build_alias_set=
ac_cv_env_build_alias_value=
ac_cv_env_host_alias_set=
ac_cv_env_host_alias_value=
ac_cv_env_target_alias_set=
ac_cv_env_target_alias_value=
ac_cv_func_difftime=yes
ac_cv_func_dlopen=no
ac_cv_func_finite=yes
ac_cv_func_isnan=yes
ac_cv_func_matherr=no
ac_cv_func_memmove=yes
ac_cv_have_x='have_x=yes	ac_x_includes='\'''\''	ac_x_libraries='\'''\'''
ac_cv_host=x86_64-unknown-linux-gnu
ac_cv_lib_dl_dlopen=yes
ac_cv_lib_ieee_main=no
ac_cv_objext=o
ac_cv_path_EGREP='/bin/grep -E'
ac_cv_path_GREP=/bin/grep
ac_cv_prog_CPP='cc -E'
ac_cv_prog_ac_ct_CC=cc
ac_cv_prog_cc_c89=
ac_cv_prog_cc_g=yes

## ----------------- ##
## Output variables. ##
## ----------------- ##

CC='cc'
CFLAGS='-g -O2'
CPP='cc -E'
CPPFLAGS=''
DEFS='-DHAVE_CONFIG_H'
ECHO_C=''
ECHO_N='-n'
ECHO_T=''
EGREP='/bin/grep -E'
EXEEXT=''
EXTRALIBS='-lR -ldl'
EXTRAOBJS=''
FOREIGN_FILE='sysvr4-foreign.h'
GRAPHSYS='X11WINDOWS'
GREP='/bin/grep'
LDFLAGS=''
LIBOBJS=''
LIBS='-lm'
LTLIBOBJS=''
OBJEXT='o'
PACKAGE_BUGREPORT=''
PACKAGE_NAME=''
PACKAGE_STRING=''
PACKAGE_TARNAME=''
PACKAGE_URL=''
PACKAGE_VERSION=''
PATH_SEPARATOR=':'
SHELL='/bin/bash'
SHLIB_CFLAGS='-fPIC'
SHLIB_LD='cc -shared'
SHLIB_LD_LIBS=''
UCFLAGS='-fPIC -O'
ULDFLAGS=' -export-dynamic'
X11INCDIR_FLAG=''
X11LIBDIR_FLAG=''
XMKMF=''
ac_ct_CC='cc'
bindir='${exec_prefix}/bin'
build='x86_64-unknown-linux-gnu'
build_alias=''
build_cpu='x86_64'
build_os='linux-gnu'
build_vendor='unknown'
datadir='${datarootdir}'
datarootdir='${prefix}/share'
docdir='${datarootdir}/doc/${PACKAGE}'
dvidir='${docdir}'
exec_prefix='${prefix}'
host='x86_64-unknown-linux-gnu'
host_alias=''
host_cpu='x86_64'
host_os='linux-gnu'
host_vendor='unknown'
htmldir='${docdir}'
includedir='${prefix}/include'
infodir='${datarootdir}/info'
libdir='${exec_prefix}/lib'
libexecdir='${exec_prefix}/libexec'
localedir='${datarootdir}/locale'
localstatedir='${prefix}/var'
mandir='${datarootdir}/man'
oldincludedir='/usr/include'
pdfdir='${docdir}'
prefix='/home/jtan/Apps/xlisp'
program_transform_name='s,x,x,'
psdir='${docdir}'
runstatedir='${localstatedir}/run'
sbindir='${exec_prefix}/sbin'
sharedstatedir='${prefix}/com'
sysconfdir='${prefix}/etc'
target_alias=''

## ----------- ##
## confdefs.h. ##
## ----------- ##

/* confdefs.h */
#define PACKAGE_NAME ""
#define PACKAGE_TARNAME ""
#define PACKAGE_VERSION ""
#define PACKAGE_STRING ""
#define PACKAGE_BUGREPORT ""
#define PACKAGE_URL ""
#define HAVE_FINITE 1
#define HAVE_ISNAN 1
#define HAVE_MEMMOVE 1
#define HAVE_DIFFTIME 1
#define HAVE_SIGSETJMP 1
#define HAVE_DLOPEN 1
#define HAVE_FOREIGN 1

configure: exit 0
